<?xml version="1.0" encoding="UTF-8"?>
<testsuite name="com.pfcti.sanity.healthy.CheckApplicationHealthyTest" tests="1" skipped="0" failures="0" errors="0" timestamp="2023-05-05T18:31:15" hostname="PFCTI-LAT-C666" time="0.011">
  <properties/>
  <testcase name="health()" classname="com.pfcti.sanity.healthy.CheckApplicationHealthyTest" time="0.011"/>
  <system-out><![CDATA[2023-05-05T12:31:15.447-06:00  INFO 11832 --- [    Test worker] t.c.s.AnnotationConfigContextLoaderUtils : Could not detect default configuration classes for test class [com.pfcti.sanity.healthy.CheckApplicationHealthyTest]: CheckApplicationHealthyTest does not declare any static, non-private, non-final, nested classes annotated with @Configuration.
2023-05-05T12:31:15.460-06:00  INFO 11832 --- [    Test worker] .b.t.c.SpringBootTestContextBootstrapper : Found @SpringBootConfiguration com.pfcti.sanity.SanityApplication for test class com.pfcti.sanity.healthy.CheckApplicationHealthyTest
]]></system-out>
  <system-err><![CDATA[]]></system-err>
</testsuite>
