<?xml version="1.0" encoding="UTF-8"?>
<testsuite name="com.pfcti.sanity.SanityApplicationTests" tests="1" skipped="0" failures="0" errors="0" timestamp="2023-05-05T18:31:15" hostname="PFCTI-LAT-C666" time="0.41">
  <properties/>
  <testcase name="contextLoads()" classname="com.pfcti.sanity.SanityApplicationTests" time="0.41"/>
  <system-out><![CDATA[12:31:14.135 [Test worker] DEBUG org.springframework.boot.test.context.SpringBootTestContextBootstrapper -- Neither @ContextConfiguration nor @ContextHierarchy found for test class [SanityApplicationTests]: using SpringBootContextLoader
12:31:14.140 [Test worker] DEBUG org.springframework.test.context.support.AbstractContextLoader -- Could not detect default resource locations for test class [com.pfcti.sanity.SanityApplicationTests]: no resource found for suffixes {-context.xml, Context.groovy}.
12:31:14.141 [Test worker] INFO org.springframework.test.context.support.AnnotationConfigContextLoaderUtils -- Could not detect default configuration classes for test class [com.pfcti.sanity.SanityApplicationTests]: SanityApplicationTests does not declare any static, non-private, non-final, nested classes annotated with @Configuration.
12:31:14.161 [Test worker] DEBUG org.springframework.boot.test.context.SpringBootTestContextBootstrapper -- Using ContextCustomizers for test class [SanityApplicationTests]: [DisableObservabilityContextCustomizer, PropertyMappingContextCustomizer, Customizer, ExcludeFilterContextCustomizer, DuplicateJsonObjectContextCustomizer, MockitoContextCustomizer, TestRestTemplateContextCustomizer]
12:31:14.219 [Test worker] DEBUG org.springframework.context.annotation.ClassPathScanningCandidateComponentProvider -- Identified candidate component class: file [C:\Users\Joseph.Ramirez\Documents\Documents\EC y Servicios\Poc\poc-spring-pfcti-lib\build\classes\java\main\com\pfcti\sanity\SanityApplication.class]
12:31:14.223 [Test worker] INFO org.springframework.boot.test.context.SpringBootTestContextBootstrapper -- Found @SpringBootConfiguration com.pfcti.sanity.SanityApplication for test class com.pfcti.sanity.SanityApplicationTests
12:31:14.331 [Test worker] DEBUG org.springframework.test.context.util.TestContextSpringFactoriesUtils -- Skipping candidate TestExecutionListener [org.springframework.test.context.web.ServletTestExecutionListener] due to a missing dependency. Specify custom TestExecutionListener classes or make the default TestExecutionListener classes and their required dependencies available. Offending class: [jakarta/servlet/ServletContext]
12:31:14.335 [Test worker] DEBUG org.springframework.test.context.util.TestContextSpringFactoriesUtils -- Skipping candidate TestExecutionListener [org.springframework.test.context.transaction.TransactionalTestExecutionListener] due to a missing dependency. Specify custom TestExecutionListener classes or make the default TestExecutionListener classes and their required dependencies available. Offending class: [org/springframework/transaction/interceptor/TransactionAttributeSource]
12:31:14.337 [Test worker] DEBUG org.springframework.test.context.util.TestContextSpringFactoriesUtils -- Skipping candidate TestExecutionListener [org.springframework.test.context.jdbc.SqlScriptsTestExecutionListener] due to a missing dependency. Specify custom TestExecutionListener classes or make the default TestExecutionListener classes and their required dependencies available. Offending class: [org/springframework/transaction/interceptor/TransactionAttribute]
12:31:14.339 [Test worker] DEBUG org.springframework.boot.test.context.SpringBootTestContextBootstrapper -- Using TestExecutionListeners for test class [SanityApplicationTests]: [DirtiesContextBeforeModesTestExecutionListener, ApplicationEventsTestExecutionListener, MockitoTestExecutionListener, DependencyInjectionTestExecutionListener, DirtiesContextTestExecutionListener, EventPublishingTestExecutionListener, RestDocsTestExecutionListener, MockRestServiceServerResetTestExecutionListener, MockMvcPrintOnlyOnFailureTestExecutionListener, WebDriverTestExecutionListener, MockWebServiceServerTestExecutionListener, ResetMocksTestExecutionListener]
12:31:14.340 [Test worker] DEBUG org.springframework.test.context.support.AbstractDirtiesContextTestExecutionListener -- Before test class: class [SanityApplicationTests], class annotated with @DirtiesContext [false] with mode [null]
12:31:14.352 [Test worker] DEBUG org.springframework.test.context.support.DependencyInjectionTestExecutionListener -- Performing dependency injection for test class com.pfcti.sanity.SanityApplicationTests

  .   ____          _            __ _ _
 /\\ / ___'_ __ _ _(_)_ __  __ _ \ \ \ \
( ( )\___ | '_ | '_| | '_ \/ _` | \ \ \ \
 \\/  ___)| |_)| | | | | || (_| |  ) ) ) )
  '  |____| .__|_| |_|_| |_\__, | / / / /
 =========|_|==============|___/=/_/_/_/
 :: Spring Boot ::                (v3.0.6)

2023-05-05T12:31:14.597-06:00  INFO 11832 --- [    Test worker] c.pfcti.sanity.SanityApplicationTests    : Starting SanityApplicationTests using Java 17.0.7 with PID 11832 (started by Joseph.Ramirez in C:\Users\Joseph.Ramirez\Documents\Documents\EC y Servicios\Poc\poc-spring-pfcti-lib)
2023-05-05T12:31:14.598-06:00  INFO 11832 --- [    Test worker] c.pfcti.sanity.SanityApplicationTests    : No active profile set, falling back to 1 default profile: "default"
2023-05-05T12:31:15.027-06:00  INFO 11832 --- [    Test worker] c.pfcti.sanity.SanityApplicationTests    : Started SanityApplicationTests in 0.634 seconds (process running for 1.852)
]]></system-out>
  <system-err><![CDATA[]]></system-err>
</testsuite>
